<?xml version="1.0" encoding="UTF-8"?>
<!-- Generated by org.testng.reporters.JUnitReportReporter -->
<testsuite hostname="MacBook-Pro-Vladlen.local" failures="0" tests="2" name="org.brit.tests.LoginTests" time="10.559" errors="0" timestamp="2023-04-08T19:09:35 EEST" skipped="0">
  <testcase classname="org.brit.tests.LoginTests" name="loginWithXpath" time="0.754"/>
  <system-out/>
  <testcase classname="org.brit.tests.LoginTests" name="loginWithCSS" time="9.805"/>
  <system-out/>
</testsuite> <!-- org.brit.tests.LoginTests -->
